0 0 1 1 1 0 1 0 = B1
1 1 0 0 0 1 0 1 = NOT B1

1 0 1 1 0 0 1 1 = B2
0 1 0 0 1 1 0 0 = NOT B2

0 0 1 1 1 0 1 0 = B1
1 0 1 1 0 0 1 1 = B2
0 0 1 1 0 0 1 0 = B1 AND B2

0 0 1 1 1 0 1 0 = B1
1 0 1 1 0 0 1 1 = B2
1 0 1 1 1 0 1 1 = B1 OR B2

0 0 1 1 1 0 1 0 = B1
1 0 1 1 0 0 1 1 = B2
1 0 0 0 1 0 0 1 = B1 XOR B2

0 0 1 1 1 0 1 0 = B1
1 0 1 1 0 0 1 1 = B2
1 1 0 0 1 1 0 1 = B1 NAND B2

0 0 1 1 1 0 1 0 = B1
1 0 1 1 0 0 1 1 = B2
0 1 0 0 0 1 0 0 = B1 NOR B2

0 0 1 1 1 0 1 0 = B1
1 0 1 1 0 0 1 1 = B2
1 1 1 1 0 1 1 1 = B1 -> B2

0 0 1 1 1 0 1 0 = B1
1 0 1 1 0 0 1 1 = B2
0 1 1 1 1 1 1 0 = B2 -> B1

0 0 1 1 1 0 1 0 = B1
1 0 1 1 0 0 1 1 = B2
1 1 1 1 0 1 1 1 = NOT B2 -> NOT B1

0 0 1 1 1 0 1 0 = B1
1 0 1 1 0 0 1 1 = B2
0 1 1 1 1 1 1 0 = NOT B1 -> NOT B2

0 0 1 1 1 0 1 0 = B1
1 0 1 1 0 0 1 1 = B2
0 1 1 1 0 1 1 0 = B1 <-> B2

